
Showing logs for build [32mcb-kubecd-environment-pr-1415-6-qth6p-1[0m stage [32mfrom-build-pack[0m and container [32mstep-credential-initializer-5rndx[0m
{"level":"info","ts":1587377813.0720985,"logger":"fallback-logger","caller":"logging/config.go:69","msg":"Fetch GitHub commit ID from kodata failed: open /var/run/ko/refs/heads/0.8.0-ns-support: no such file or directory"}
{"level":"info","ts":1587377813.073034,"logger":"fallback-logger","caller":"creds-init/main.go:40","msg":"Credentials initialized."}

Showing logs for build [32mcb-kubecd-environment-pr-1415-6-qth6p-1[0m stage [32mfrom-build-pack[0m and container [32mstep-working-dir-initializer-tnwv5[0m
{"level":"info","ts":1587377814.5253313,"logger":"fallback-logger","caller":"logging/config.go:69","msg":"Fetch GitHub commit ID from kodata failed: open /var/run/ko/HEAD: no such file or directory"}
{"level":"info","ts":1587377814.5271125,"logger":"fallback-logger","caller":"bash/main.go:64","msg":"Successfully executed command \"sh -c mkdir -p /workspace/source\"; output "}

Showing logs for build [32mcb-kubecd-environment-pr-1415-6-qth6p-1[0m stage [32mfrom-build-pack[0m and container [32mstep-place-tools[0m

Showing logs for build [32mcb-kubecd-environment-pr-1415-6-qth6p-1[0m stage [32mfrom-build-pack[0m and container [32mstep-git-source-cb-kubecd-environment-pr-1415-6-qth6p-tzvhk[0m
{"level":"info","ts":1587377820.7497294,"logger":"fallback-logger","caller":"logging/config.go:69","msg":"Fetch GitHub commit ID from kodata failed: open /var/run/ko/refs/heads/0.8.0-ns-support: no such file or directory"}
{"level":"info","ts":1587377821.93478,"logger":"fallback-logger","caller":"git/git.go:103","msg":"Successfully cloned https://github.com/cb-kubecd/environment-pr-1415-6-bdd-frontend-staging.git @ master in path /workspace/source"}

Showing logs for build [32mcb-kubecd-environment-pr-1415-6-qth6p-1[0m stage [32mfrom-build-pack[0m and container [32mstep-git-merge[0m
Using SHAs from PULL_REFS=master:c18bd548f27e6219629088ba5db659b68472e2fe,1:e808384571ec6aa33e9bbfa5fa7132585a880050
DEBUG: LC_ALL=C JX_LOG_LEVEL=error git fetch origin --unshallow e808384571ec6aa33e9bbfa5fa7132585a880050: c18bd548f27e6219629088ba5db659b68472e2fe:
DEBUG: ran git fetch --unshallow origin e808384571ec6aa33e9bbfa5fa7132585a880050: c18bd548f27e6219629088ba5db659b68472e2fe: in 
DEBUG: LC_ALL=C JX_LOG_LEVEL=error git branch
DEBUG: LC_ALL=C JX_LOG_LEVEL=error git checkout master
DEBUG: ran git checkout master in 
DEBUG: LC_ALL=C JX_LOG_LEVEL=error git reset --hard c18bd548f27e6219629088ba5db659b68472e2fe
DEBUG: ran git reset --hard c18bd548f27e6219629088ba5db659b68472e2fe in 
DEBUG: LC_ALL=C JX_LOG_LEVEL=error git clean -fd .
DEBUG: ran clean --force -d . in 
DEBUG: LC_ALL=C JX_LOG_LEVEL=error git merge e808384571ec6aa33e9bbfa5fa7132585a880050
DEBUG: ran git merge e808384571ec6aa33e9bbfa5fa7132585a880050 in 
DEBUG: LC_ALL=C JX_LOG_LEVEL=error git log --format=%H%x1f%an%x1f%ae%x1f%cn%x1f%ce%x1f%s%n%b%x1e c18bd548f27e6219629088ba5db659b68472e2fe..HEAD
Merged SHA e808384571ec6aa33e9bbfa5fa7132585a880050 with commit message 'chore: Promote bdd-nh-1587376804 to version 0.0.1' into base branch master

Showing logs for build [32mcb-kubecd-environment-pr-1415-6-qth6p-1[0m stage [32mfrom-build-pack[0m and container [32mstep-build-helm-build[0m
WARNING: No $CHART_REPOSITORY defined so using the default value of: http://jenkins-x-chartmuseum:8080
Adding missing Helm repo: storage.googleapis.com https://storage.googleapis.com/chartmuseum.jenkins-x.io
WARNING: No secrets found on "helm/repos" due: reading the secret "helm/repos" from vault: no secret "helm/repos" not found in vault
Read credentials for https://storage.googleapis.com/chartmuseum.jenkins-x.io from vault helm/repos
Successfully added Helm repository storage.googleapis.com.
Adding missing Helm repo: jenkins-x-chartmuseum http://jenkins-x-chartmuseum:8080
WARNING: No secrets found on "helm/repos" due: reading the secret "helm/repos" from vault: no secret "helm/repos" not found in vault
Read credentials for http://jenkins-x-chartmuseum:8080 from vault helm/repos
Successfully added Helm repository jenkins-x-chartmuseum.
WARNING: No $CHART_REPOSITORY defined so using the default value of: http://jenkins-x-chartmuseum:8080
Adding missing Helm repo: chartmuseum.jenkins-x.io http://chartmuseum.jenkins-x.io
WARNING: No secrets found on "helm/repos" due: reading the secret "helm/repos" from vault: no secret "helm/repos" not found in vault
Read credentials for http://chartmuseum.jenkins-x.io from vault helm/repos
Successfully added Helm repository chartmuseum.jenkins-x.io.
